<?xml version="1.0" encoding="UTF-8"?>
<robot generator="Robot 3.2.2 (Python 3.7.4 on win32)" generated="20210614 08:07:07.270" rpa="false">
<suite id="s1" name="Test-Case" source="C:\Estudo\Robot\Aula-05-06-21\Aula_05_06_21\test-case">
<suite id="s1-s1" name="Consultar" source="C:\Estudo\Robot\Aula-05-06-21\Aula_05_06_21\test-case\Consultar.robot">
<test id="s1-s1-t1" name="Cenario 1: Checar busca com produto valido">
<kw name="Dado que eu esteja na pagina home" library="Home">
<kw name="Dado que abro o navegador" library="Home">
<kw name="Abrir navegador" library="resource">
<kw name="Open Browser" library="SeleniumLibrary">
<doc>Opens a new browser instance to the optional ``url``.</doc>
<arguments>
<arg>url:</arg>
<arg>${browser}</arg>
</arguments>
<msg timestamp="20210614 08:07:07.957" level="INFO">Opening browser 'chrome' to base url 'url:'.</msg>
<status status="PASS" starttime="20210614 08:07:07.957" endtime="20210614 08:07:11.282"></status>
</kw>
<status status="PASS" starttime="20210614 08:07:07.956" endtime="20210614 08:07:11.282"></status>
</kw>
<status status="PASS" starttime="20210614 08:07:07.955" endtime="20210614 08:07:11.283"></status>
</kw>
<kw name="Quando acessar o site" library="Home">
<kw name="Go To" library="SeleniumLibrary">
<doc>Navigates the current browser window to the provided ``url``.</doc>
<arguments>
<arg>${Home_Url}</arg>
</arguments>
<msg timestamp="20210614 08:07:11.286" level="INFO">Opening url 'http://automationpractice.com/index.php'</msg>
<status status="PASS" starttime="20210614 08:07:11.285" endtime="20210614 08:07:16.842"></status>
</kw>
<status status="PASS" starttime="20210614 08:07:11.283" endtime="20210614 08:07:16.843"></status>
</kw>
<kw name="Entao o site sera exibido" library="Home">
<kw name="Title Should Be" library="SeleniumLibrary">
<doc>Verifies that the current page title equals ``title``.</doc>
<arguments>
<arg>${Home_Validar_Url}</arg>
</arguments>
<msg timestamp="20210614 08:07:16.861" level="INFO">Page title is 'My Store'.</msg>
<status status="PASS" starttime="20210614 08:07:16.845" endtime="20210614 08:07:16.861"></status>
</kw>
<status status="PASS" starttime="20210614 08:07:16.843" endtime="20210614 08:07:16.861"></status>
</kw>
<status status="PASS" starttime="20210614 08:07:07.954" endtime="20210614 08:07:16.862"></status>
</kw>
<kw name="Quando pesquiso por &quot;t-shirt&quot;" library="Home">
<kw name="Click Element" library="SeleniumLibrary">
<doc>Click the element identified by ``locator``.</doc>
<arguments>
<arg>//*[@ID="search_query_top"]</arg>
</arguments>
<msg timestamp="20210614 08:07:16.865" level="INFO">Clicking element '//*[@ID="search_query_top"]'.</msg>
<status status="PASS" starttime="20210614 08:07:16.865" endtime="20210614 08:07:17.060"></status>
</kw>
<kw name="Input Text" library="SeleniumLibrary">
<doc>Types the given ``text`` into the text field identified by ``locator``.</doc>
<arguments>
<arg>//*[@ID="search_query_top"]</arg>
<arg>${produto}</arg>
</arguments>
<msg timestamp="20210614 08:07:17.061" level="INFO">Typing text 't-shirt' into text field '//*[@ID="search_query_top"]'.</msg>
<status status="PASS" starttime="20210614 08:07:17.060" endtime="20210614 08:07:17.207"></status>
</kw>
<kw name="Click Element" library="SeleniumLibrary">
<doc>Click the element identified by ``locator``.</doc>
<arguments>
<arg>//*[@id="searchbox"]/button</arg>
</arguments>
<msg timestamp="20210614 08:07:17.208" level="INFO">Clicking element '//*[@id="searchbox"]/button'.</msg>
<status status="PASS" starttime="20210614 08:07:17.208" endtime="20210614 08:07:19.827"></status>
</kw>
<status status="PASS" starttime="20210614 08:07:16.863" endtime="20210614 08:07:19.828"></status>
</kw>
<kw name="Entao verifico se retornou o produto t-shirt" library="Home">
<kw name="Wait Until Element Is Visible" library="SeleniumLibrary">
<doc>Waits until the element ``locator`` is visible.</doc>
<arguments>
<arg>//*[@id="center_column"]/h1/span[1]</arg>
</arguments>
<status status="PASS" starttime="20210614 08:07:19.831" endtime="20210614 08:07:19.924"></status>
</kw>
<kw name="Element Text Should Be" library="SeleniumLibrary">
<doc>Verifies that element ``locator`` contains exact the text ``expected``.</doc>
<arguments>
<arg>//*[@id="center_column"]/h1/span[1]</arg>
<arg>"T-SHIRT"</arg>
</arguments>
<msg timestamp="20210614 08:07:19.925" level="INFO">Verifying element '//*[@id="center_column"]/h1/span[1]' contains exact text '"T-SHIRT"'.</msg>
<status status="PASS" starttime="20210614 08:07:19.924" endtime="20210614 08:07:19.964"></status>
</kw>
<status status="PASS" starttime="20210614 08:07:19.830" endtime="20210614 08:07:19.964"></status>
</kw>
<status status="PASS" starttime="20210614 08:07:07.952" endtime="20210614 08:07:19.965" critical="yes"></status>
</test>
<test id="s1-s1-t2" name="Cenario 2: Checar busca com produto invalido">
<kw name="Dado que eu esteja na pagina home" library="Home">
<kw name="Dado que abro o navegador" library="Home">
<kw name="Abrir navegador" library="resource">
<kw name="Open Browser" library="SeleniumLibrary">
<doc>Opens a new browser instance to the optional ``url``.</doc>
<arguments>
<arg>url:</arg>
<arg>${browser}</arg>
</arguments>
<msg timestamp="20210614 08:07:19.972" level="INFO">Opening browser 'chrome' to base url 'url:'.</msg>
<status status="PASS" starttime="20210614 08:07:19.972" endtime="20210614 08:07:23.024"></status>
</kw>
<status status="PASS" starttime="20210614 08:07:19.971" endtime="20210614 08:07:23.024"></status>
</kw>
<status status="PASS" starttime="20210614 08:07:19.971" endtime="20210614 08:07:23.025"></status>
</kw>
<kw name="Quando acessar o site" library="Home">
<kw name="Go To" library="SeleniumLibrary">
<doc>Navigates the current browser window to the provided ``url``.</doc>
<arguments>
<arg>${Home_Url}</arg>
</arguments>
<msg timestamp="20210614 08:07:23.028" level="INFO">Opening url 'http://automationpractice.com/index.php'</msg>
<status status="PASS" starttime="20210614 08:07:23.027" endtime="20210614 08:07:28.619"></status>
</kw>
<status status="PASS" starttime="20210614 08:07:23.026" endtime="20210614 08:07:28.620"></status>
</kw>
<kw name="Entao o site sera exibido" library="Home">
<kw name="Title Should Be" library="SeleniumLibrary">
<doc>Verifies that the current page title equals ``title``.</doc>
<arguments>
<arg>${Home_Validar_Url}</arg>
</arguments>
<msg timestamp="20210614 08:07:28.632" level="INFO">Page title is 'My Store'.</msg>
<status status="PASS" starttime="20210614 08:07:28.621" endtime="20210614 08:07:28.632"></status>
</kw>
<status status="PASS" starttime="20210614 08:07:28.620" endtime="20210614 08:07:28.632"></status>
</kw>
<status status="PASS" starttime="20210614 08:07:19.970" endtime="20210614 08:07:28.632"></status>
</kw>
<kw name="Quando pesquiso por &quot;pneu&quot;" library="Home">
<kw name="Click Element" library="SeleniumLibrary">
<doc>Click the element identified by ``locator``.</doc>
<arguments>
<arg>//*[@ID="search_query_top"]</arg>
</arguments>
<msg timestamp="20210614 08:07:28.635" level="INFO">Clicking element '//*[@ID="search_query_top"]'.</msg>
<status status="PASS" starttime="20210614 08:07:28.634" endtime="20210614 08:07:28.922"></status>
</kw>
<kw name="Input Text" library="SeleniumLibrary">
<doc>Types the given ``text`` into the text field identified by ``locator``.</doc>
<arguments>
<arg>//*[@ID="search_query_top"]</arg>
<arg>${produto}</arg>
</arguments>
<msg timestamp="20210614 08:07:28.923" level="INFO">Typing text 'pneu' into text field '//*[@ID="search_query_top"]'.</msg>
<status status="PASS" starttime="20210614 08:07:28.922" endtime="20210614 08:07:29.050"></status>
</kw>
<kw name="Click Element" library="SeleniumLibrary">
<doc>Click the element identified by ``locator``.</doc>
<arguments>
<arg>//*[@id="searchbox"]/button</arg>
</arguments>
<msg timestamp="20210614 08:07:29.050" level="INFO">Clicking element '//*[@id="searchbox"]/button'.</msg>
<status status="PASS" starttime="20210614 08:07:29.050" endtime="20210614 08:07:32.964"></status>
</kw>
<status status="PASS" starttime="20210614 08:07:28.633" endtime="20210614 08:07:32.966"></status>
</kw>
<kw name="Entao verifico que não deve encontrar o produto" library="Home">
<kw name="Wait Until Element Is Visible" library="SeleniumLibrary">
<doc>Waits until the element ``locator`` is visible.</doc>
<arguments>
<arg>${Tit_Mensagem_Erro}</arg>
</arguments>
<status status="PASS" starttime="20210614 08:07:32.974" endtime="20210614 08:07:33.050"></status>
</kw>
<kw name="Element Text Should Be" library="SeleniumLibrary">
<doc>Verifies that element ``locator`` contains exact the text ``expected``.</doc>
<arguments>
<arg>${Tit_Mensagem_Erro}</arg>
<arg>${Mensagem_Erro}</arg>
</arguments>
<msg timestamp="20210614 08:07:33.051" level="INFO">Verifying element '//*[@id="center_column"]/p' contains exact text 'No results were found for your search "pneu"'.</msg>
<status status="PASS" starttime="20210614 08:07:33.050" endtime="20210614 08:07:33.098"></status>
</kw>
<status status="PASS" starttime="20210614 08:07:32.973" endtime="20210614 08:07:33.098"></status>
</kw>
<status status="PASS" starttime="20210614 08:07:19.969" endtime="20210614 08:07:33.099" critical="yes"></status>
</test>
<status status="PASS" starttime="20210614 08:07:07.340" endtime="20210614 08:07:33.104"></status>
</suite>
<suite id="s1-s2" name="Inicio" source="C:\Estudo\Robot\Aula-05-06-21\Aula_05_06_21\test-case\Inicio.robot">
<test id="s1-s2-t1" name="Cenario 1: Abrir pagina home">
<kw name="Dado que abro o navegador" library="Home">
<kw name="Abrir navegador" library="resource">
<kw name="Open Browser" library="SeleniumLibrary">
<doc>Opens a new browser instance to the optional ``url``.</doc>
<arguments>
<arg>url:</arg>
<arg>${browser}</arg>
</arguments>
<msg timestamp="20210614 08:07:33.135" level="INFO">Opening browser 'chrome' to base url 'url:'.</msg>
<status status="PASS" starttime="20210614 08:07:33.135" endtime="20210614 08:07:36.434"></status>
</kw>
<status status="PASS" starttime="20210614 08:07:33.134" endtime="20210614 08:07:36.434"></status>
</kw>
<status status="PASS" starttime="20210614 08:07:33.133" endtime="20210614 08:07:36.435"></status>
</kw>
<kw name="Quando acessar o site" library="Home">
<kw name="Go To" library="SeleniumLibrary">
<doc>Navigates the current browser window to the provided ``url``.</doc>
<arguments>
<arg>${Home_Url}</arg>
</arguments>
<msg timestamp="20210614 08:07:36.440" level="INFO">Opening url 'http://automationpractice.com/index.php'</msg>
<status status="PASS" starttime="20210614 08:07:36.439" endtime="20210614 08:07:41.972"></status>
</kw>
<status status="PASS" starttime="20210614 08:07:36.438" endtime="20210614 08:07:41.973"></status>
</kw>
<kw name="Entao o site sera exibido" library="Home">
<kw name="Title Should Be" library="SeleniumLibrary">
<doc>Verifies that the current page title equals ``title``.</doc>
<arguments>
<arg>${Home_Validar_Url}</arg>
</arguments>
<msg timestamp="20210614 08:07:41.990" level="INFO">Page title is 'My Store'.</msg>
<status status="PASS" starttime="20210614 08:07:41.976" endtime="20210614 08:07:41.990"></status>
</kw>
<status status="PASS" starttime="20210614 08:07:41.975" endtime="20210614 08:07:41.991"></status>
</kw>
<status status="PASS" starttime="20210614 08:07:33.131" endtime="20210614 08:07:41.993" critical="yes"></status>
</test>
<status status="PASS" starttime="20210614 08:07:33.111" endtime="20210614 08:07:41.998"></status>
</suite>
<status status="PASS" starttime="20210614 08:07:07.276" endtime="20210614 08:07:42.010"></status>
</suite>
<statistics>
<total>
<stat pass="3" fail="0">Critical Tests</stat>
<stat pass="3" fail="0">All Tests</stat>
</total>
<tag>
</tag>
<suite>
<stat pass="3" fail="0" id="s1" name="Test-Case">Test-Case</stat>
<stat pass="2" fail="0" id="s1-s1" name="Consultar">Test-Case.Consultar</stat>
<stat pass="1" fail="0" id="s1-s2" name="Inicio">Test-Case.Inicio</stat>
</suite>
</statistics>
<errors>
</errors>
</robot>
