<?xml version="1.0" encoding="UTF-8"?>
<robot generator="Robot 3.2.2 (Python 3.7.4 on win32)" generated="20210607 08:44:03.364" rpa="false">
<suite id="s1" name="Consultar" source="C:\Estudo\Robot\Aula-05-21\Test\TEST-CASE\consultar.robot">
<test id="s1-t1" name="Cenario 1: Checar busca com produto valido">
<kw name="Dado que eu esteja na pagina home" library="Home">
<kw name="Dado que abro o navegador" library="Home">
<kw name="Abrir navegador" library="resource">
<kw name="Open Browser" library="SeleniumLibrary">
<doc>Opens a new browser instance to the optional ``url``.</doc>
<arguments>
<arg>url:</arg>
<arg>${browser}</arg>
</arguments>
<msg timestamp="20210607 08:44:03.646" level="INFO">Opening browser 'chrome' to base url 'url:'.</msg>
<status status="PASS" starttime="20210607 08:44:03.646" endtime="20210607 08:44:05.588"></status>
</kw>
<status status="PASS" starttime="20210607 08:44:03.645" endtime="20210607 08:44:05.588"></status>
</kw>
<status status="PASS" starttime="20210607 08:44:03.645" endtime="20210607 08:44:05.589"></status>
</kw>
<kw name="Quando acessar o site" library="Home">
<kw name="Go To" library="SeleniumLibrary">
<doc>Navigates the current browser window to the provided ``url``.</doc>
<arguments>
<arg>${Home_Url}</arg>
</arguments>
<msg timestamp="20210607 08:44:05.591" level="INFO">Opening url 'http://automationpractice.com/index.php'</msg>
<status status="PASS" starttime="20210607 08:44:05.590" endtime="20210607 08:44:17.564"></status>
</kw>
<status status="PASS" starttime="20210607 08:44:05.589" endtime="20210607 08:44:17.564"></status>
</kw>
<kw name="Entao o site sera exibido" library="Home">
<kw name="Title Should Be" library="SeleniumLibrary">
<doc>Verifies that the current page title equals ``title``.</doc>
<arguments>
<arg>${Home_Validar_Url}</arg>
</arguments>
<msg timestamp="20210607 08:44:17.570" level="INFO">Page title is 'My Store'.</msg>
<status status="PASS" starttime="20210607 08:44:17.565" endtime="20210607 08:44:17.570"></status>
</kw>
<status status="PASS" starttime="20210607 08:44:17.564" endtime="20210607 08:44:17.570"></status>
</kw>
<status status="PASS" starttime="20210607 08:44:03.645" endtime="20210607 08:44:17.570"></status>
</kw>
<kw name="Quando pesquiso por t-shirt" library="Home">
<kw name="Click Element" library="SeleniumLibrary">
<doc>Click the element identified by ``locator``.</doc>
<arguments>
<arg>//*[@ID="search_query_top"]</arg>
</arguments>
<msg timestamp="20210607 08:44:17.572" level="INFO">Clicking element '//*[@ID="search_query_top"]'.</msg>
<status status="PASS" starttime="20210607 08:44:17.571" endtime="20210607 08:44:17.655"></status>
</kw>
<kw name="Input Text" library="SeleniumLibrary">
<doc>Types the given ``text`` into the text field identified by ``locator``.</doc>
<arguments>
<arg>//*[@ID="search_query_top"]</arg>
<arg>t-shirt</arg>
</arguments>
<msg timestamp="20210607 08:44:17.656" level="INFO">Typing text 't-shirt' into text field '//*[@ID="search_query_top"]'.</msg>
<status status="PASS" starttime="20210607 08:44:17.655" endtime="20210607 08:44:17.712"></status>
</kw>
<kw name="Click Element" library="SeleniumLibrary">
<doc>Click the element identified by ``locator``.</doc>
<arguments>
<arg>//*[@id="searchbox"]/button</arg>
</arguments>
<msg timestamp="20210607 08:44:17.712" level="INFO">Clicking element '//*[@id="searchbox"]/button'.</msg>
<status status="PASS" starttime="20210607 08:44:17.712" endtime="20210607 08:44:26.720"></status>
</kw>
<status status="PASS" starttime="20210607 08:44:17.571" endtime="20210607 08:44:26.720"></status>
</kw>
<kw name="Entao verifico se retornou o produto t-shirt" library="Home">
<kw name="Wait Until Element Is Visible" library="SeleniumLibrary">
<doc>Waits until the element ``locator`` is visible.</doc>
<arguments>
<arg>//*[@id="center_column"]/h1/span[1]</arg>
</arguments>
<status status="PASS" starttime="20210607 08:44:26.721" endtime="20210607 08:44:26.746"></status>
</kw>
<kw name="Element Text Should Be" library="SeleniumLibrary">
<doc>Verifies that element ``locator`` contains exact the text ``expected``.</doc>
<arguments>
<arg>//*[@id="center_column"]/h1/span[1]</arg>
<arg>"T-SHIRT"</arg>
</arguments>
<msg timestamp="20210607 08:44:26.747" level="INFO">Verifying element '//*[@id="center_column"]/h1/span[1]' contains exact text '"T-SHIRT"'.</msg>
<status status="PASS" starttime="20210607 08:44:26.746" endtime="20210607 08:44:26.772"></status>
</kw>
<status status="PASS" starttime="20210607 08:44:26.720" endtime="20210607 08:44:26.772"></status>
</kw>
<status status="PASS" starttime="20210607 08:44:03.644" endtime="20210607 08:44:26.773" critical="yes"></status>
</test>
<status status="PASS" starttime="20210607 08:44:03.367" endtime="20210607 08:44:26.776"></status>
</suite>
<statistics>
<total>
<stat pass="1" fail="0">Critical Tests</stat>
<stat pass="1" fail="0">All Tests</stat>
</total>
<tag>
</tag>
<suite>
<stat pass="1" fail="0" id="s1" name="Consultar">Consultar</stat>
</suite>
</statistics>
<errors>
</errors>
</robot>
